[2024-02-13 16:31:14Z INFO HostContext] No proxy settings were found based on environmental variables (http_proxy/https_proxy/HTTP_PROXY/HTTPS_PROXY)
[2024-02-13 16:31:14Z INFO HostContext] Well known directory 'Bin': '/Users/kellymccarthy/Desktop/learn-vault-github-actions/vault-github-action/actions-runner/bin'
[2024-02-13 16:31:14Z INFO HostContext] Well known directory 'Root': '/Users/kellymccarthy/Desktop/learn-vault-github-actions/vault-github-action/actions-runner'
[2024-02-13 16:31:14Z INFO HostContext] Well known config file 'Credentials': '/Users/kellymccarthy/Desktop/learn-vault-github-actions/vault-github-action/actions-runner/.credentials'
[2024-02-13 16:31:14Z INFO HostContext] Well known directory 'Bin': '/Users/kellymccarthy/Desktop/learn-vault-github-actions/vault-github-action/actions-runner/bin'
[2024-02-13 16:31:14Z INFO HostContext] Well known directory 'Root': '/Users/kellymccarthy/Desktop/learn-vault-github-actions/vault-github-action/actions-runner'
[2024-02-13 16:31:14Z INFO HostContext] Well known config file 'Runner': '/Users/kellymccarthy/Desktop/learn-vault-github-actions/vault-github-action/actions-runner/.runner'
[2024-02-13 16:31:14Z INFO Listener] Runner is built for OSX (X64) - osx-x64.
[2024-02-13 16:31:14Z INFO Listener] RuntimeInformation: Darwin 23.3.0 Darwin Kernel Version 23.3.0: Wed Dec 20 21:31:00 PST 2023; root:xnu-10002.81.5~7/RELEASE_ARM64_T6020.
[2024-02-13 16:31:14Z INFO Listener] Version: 2.313.0
[2024-02-13 16:31:14Z INFO Listener] Commit: d502c4623e5cd140e949f1e644ffe03762bd4151
[2024-02-13 16:31:14Z INFO Listener] Culture: en-US
[2024-02-13 16:31:14Z INFO Listener] UI Culture: en-US
[2024-02-13 16:31:14Z INFO HostContext] Well known directory 'Bin': '/Users/kellymccarthy/Desktop/learn-vault-github-actions/vault-github-action/actions-runner/bin'
[2024-02-13 16:31:14Z INFO HostContext] Well known directory 'Root': '/Users/kellymccarthy/Desktop/learn-vault-github-actions/vault-github-action/actions-runner'
[2024-02-13 16:31:14Z INFO Listener] Validating directory permissions for: '/Users/kellymccarthy/Desktop/learn-vault-github-actions/vault-github-action/actions-runner'
[2024-02-13 16:31:14Z INFO CommandLineParser] Parse
[2024-02-13 16:31:14Z INFO CommandLineParser] Parsing 5 args
[2024-02-13 16:31:14Z INFO CommandLineParser] parsing argument
[2024-02-13 16:31:14Z INFO CommandLineParser] HasArgs: False
[2024-02-13 16:31:14Z INFO CommandLineParser] Adding Command: configure
[2024-02-13 16:31:14Z INFO CommandLineParser] parsing argument
[2024-02-13 16:31:14Z INFO CommandLineParser] HasArgs: True
[2024-02-13 16:31:14Z INFO CommandLineParser] arg: url
[2024-02-13 16:31:14Z INFO CommandLineParser] parsing argument
[2024-02-13 16:31:14Z INFO CommandLineParser] HasArgs: True
[2024-02-13 16:31:14Z INFO CommandLineParser] Adding option 'url': 'https://github.com/kmccarthyhashi/vault-action-exampleapp'
[2024-02-13 16:31:14Z INFO CommandLineParser] parsing argument
[2024-02-13 16:31:14Z INFO CommandLineParser] HasArgs: True
[2024-02-13 16:31:14Z INFO CommandLineParser] arg: token
[2024-02-13 16:31:14Z INFO CommandLineParser] parsing argument
[2024-02-13 16:31:14Z INFO CommandLineParser] HasArgs: True
[2024-02-13 16:31:14Z INFO CommandLineParser] Adding option 'token': '***'
[2024-02-13 16:31:14Z INFO Listener] Arguments parsed
[2024-02-13 16:31:14Z INFO Runner] ExecuteCommand
[2024-02-13 16:31:14Z INFO ConfigurationStore] currentAssemblyLocation: /Users/kellymccarthy/Desktop/learn-vault-github-actions/vault-github-action/actions-runner/bin/Runner.Listener.dll
[2024-02-13 16:31:14Z INFO HostContext] Well known directory 'Bin': '/Users/kellymccarthy/Desktop/learn-vault-github-actions/vault-github-action/actions-runner/bin'
[2024-02-13 16:31:14Z INFO ConfigurationStore] binPath: /Users/kellymccarthy/Desktop/learn-vault-github-actions/vault-github-action/actions-runner/bin
[2024-02-13 16:31:14Z INFO HostContext] Well known directory 'Bin': '/Users/kellymccarthy/Desktop/learn-vault-github-actions/vault-github-action/actions-runner/bin'
[2024-02-13 16:31:14Z INFO HostContext] Well known directory 'Root': '/Users/kellymccarthy/Desktop/learn-vault-github-actions/vault-github-action/actions-runner'
[2024-02-13 16:31:14Z INFO ConfigurationStore] RootFolder: /Users/kellymccarthy/Desktop/learn-vault-github-actions/vault-github-action/actions-runner
[2024-02-13 16:31:14Z INFO HostContext] Well known directory 'Bin': '/Users/kellymccarthy/Desktop/learn-vault-github-actions/vault-github-action/actions-runner/bin'
[2024-02-13 16:31:14Z INFO HostContext] Well known directory 'Root': '/Users/kellymccarthy/Desktop/learn-vault-github-actions/vault-github-action/actions-runner'
[2024-02-13 16:31:14Z INFO HostContext] Well known config file 'Runner': '/Users/kellymccarthy/Desktop/learn-vault-github-actions/vault-github-action/actions-runner/.runner'
[2024-02-13 16:31:14Z INFO ConfigurationStore] ConfigFilePath: /Users/kellymccarthy/Desktop/learn-vault-github-actions/vault-github-action/actions-runner/.runner
[2024-02-13 16:31:14Z INFO HostContext] Well known directory 'Bin': '/Users/kellymccarthy/Desktop/learn-vault-github-actions/vault-github-action/actions-runner/bin'
[2024-02-13 16:31:14Z INFO HostContext] Well known directory 'Root': '/Users/kellymccarthy/Desktop/learn-vault-github-actions/vault-github-action/actions-runner'
[2024-02-13 16:31:14Z INFO HostContext] Well known config file 'Credentials': '/Users/kellymccarthy/Desktop/learn-vault-github-actions/vault-github-action/actions-runner/.credentials'
[2024-02-13 16:31:14Z INFO ConfigurationStore] CredFilePath: /Users/kellymccarthy/Desktop/learn-vault-github-actions/vault-github-action/actions-runner/.credentials
[2024-02-13 16:31:14Z INFO HostContext] Well known directory 'Bin': '/Users/kellymccarthy/Desktop/learn-vault-github-actions/vault-github-action/actions-runner/bin'
[2024-02-13 16:31:14Z INFO HostContext] Well known directory 'Root': '/Users/kellymccarthy/Desktop/learn-vault-github-actions/vault-github-action/actions-runner'
[2024-02-13 16:31:14Z INFO HostContext] Well known config file 'MigratedCredentials': '/Users/kellymccarthy/Desktop/learn-vault-github-actions/vault-github-action/actions-runner/.credentials_migrated'
[2024-02-13 16:31:14Z INFO ConfigurationStore] MigratedCredFilePath: /Users/kellymccarthy/Desktop/learn-vault-github-actions/vault-github-action/actions-runner/.credentials_migrated
[2024-02-13 16:31:14Z INFO HostContext] Well known directory 'Bin': '/Users/kellymccarthy/Desktop/learn-vault-github-actions/vault-github-action/actions-runner/bin'
[2024-02-13 16:31:14Z INFO HostContext] Well known directory 'Root': '/Users/kellymccarthy/Desktop/learn-vault-github-actions/vault-github-action/actions-runner'
[2024-02-13 16:31:14Z INFO HostContext] Well known config file 'Service': '/Users/kellymccarthy/Desktop/learn-vault-github-actions/vault-github-action/actions-runner/.service'
[2024-02-13 16:31:14Z INFO ConfigurationStore] ServiceConfigFilePath: /Users/kellymccarthy/Desktop/learn-vault-github-actions/vault-github-action/actions-runner/.service
[2024-02-13 16:31:14Z INFO CommandSettings] Flag 'help': 'False'
[2024-02-13 16:31:14Z INFO CommandSettings] Flag 'version': 'False'
[2024-02-13 16:31:14Z INFO CommandSettings] Flag 'commit': 'False'
[2024-02-13 16:31:14Z INFO CommandSettings] Flag 'check': 'False'
[2024-02-13 16:31:14Z INFO CommandSettings] Command 'configure': 'True'
[2024-02-13 16:31:14Z INFO Terminal] WRITE LINE: 
[2024-02-13 16:31:14Z INFO Terminal] WRITE LINE: --------------------------------------------------------------------------------
[2024-02-13 16:31:14Z INFO Terminal] WRITE LINE: |        ____ _ _   _   _       _          _        _   _                      |
[2024-02-13 16:31:14Z INFO Terminal] WRITE LINE: |       / ___(_) |_| | | |_   _| |__      / \   ___| |_(_) ___  _ __  ___      |
[2024-02-13 16:31:14Z INFO Terminal] WRITE LINE: |      | |  _| | __| |_| | | | | '_ \    / _ \ / __| __| |/ _ \| '_ \/ __|     |
[2024-02-13 16:31:14Z INFO Terminal] WRITE LINE: |      | |_| | | |_|  _  | |_| | |_) |  / ___ \ (__| |_| | (_) | | | \__ \     |
[2024-02-13 16:31:14Z INFO Terminal] WRITE LINE: |       \____|_|\__|_| |_|\__,_|_.__/  /_/   \_\___|\__|_|\___/|_| |_|___/     |
[2024-02-13 16:31:14Z INFO Terminal] WRITE LINE: |                                                                              |
[2024-02-13 16:31:14Z INFO Terminal] WRITE: |                       
[2024-02-13 16:31:14Z INFO Terminal] WRITE: Self-hosted runner registration
[2024-02-13 16:31:14Z INFO Terminal] WRITE LINE:                         |
[2024-02-13 16:31:14Z INFO Terminal] WRITE LINE: |                                                                              |
[2024-02-13 16:31:14Z INFO Terminal] WRITE LINE: --------------------------------------------------------------------------------
[2024-02-13 16:31:14Z INFO ConfigurationManager] ConfigureAsync
[2024-02-13 16:31:14Z INFO CommandSettings] Flag 'generateServiceConfig': 'False'
[2024-02-13 16:31:14Z INFO ConfigurationStore] IsConfigured()
[2024-02-13 16:31:14Z INFO ConfigurationStore] IsConfigured: False
[2024-02-13 16:31:14Z INFO ConfigurationManager] Is configured: False
[2024-02-13 16:31:14Z INFO CommandSettings] Arg 'url': 'https://github.com/kmccarthyhashi/vault-action-exampleapp'
[2024-02-13 16:31:14Z INFO CommandSettings] Remove url from Arg dictionary.
[2024-02-13 16:31:14Z INFO CommandSettings] Arg 'token': '***'
[2024-02-13 16:31:14Z INFO CommandSettings] Remove token from Arg dictionary.
[2024-02-13 16:31:16Z INFO ConfigurationManager] Http response code: OK from 'POST https://api.github.com/actions/runner-registration' (7A2B:3CF2:6515E:CA960:65CB9953)
[2024-02-13 16:31:16Z INFO ConfigurationManager] Using V2 flow: False
[2024-02-13 16:31:16Z INFO ConfigurationManager] cred retrieved via GitHub auth
[2024-02-13 16:31:16Z INFO RunnerServer] EstablishVssConnection
[2024-02-13 16:31:16Z INFO RunnerServer] Establish connection with 100 seconds timeout.
[2024-02-13 16:31:16Z INFO GitHubActionsService] Starting operation Location.GetConnectionData
[2024-02-13 16:31:16Z INFO RunnerServer] EstablishVssConnection
[2024-02-13 16:31:16Z INFO RunnerServer] Establish connection with 60 seconds timeout.
[2024-02-13 16:31:16Z INFO GitHubActionsService] Starting operation Location.GetConnectionData
[2024-02-13 16:31:16Z INFO RunnerServer] EstablishVssConnection
[2024-02-13 16:31:16Z INFO RunnerServer] Establish connection with 60 seconds timeout.
[2024-02-13 16:31:16Z INFO GitHubActionsService] Starting operation Location.GetConnectionData
[2024-02-13 16:31:17Z INFO GitHubActionsService] Finished operation Location.GetConnectionData
[2024-02-13 16:31:17Z INFO GitHubActionsService] Finished operation Location.GetConnectionData
[2024-02-13 16:31:17Z INFO GitHubActionsService] Finished operation Location.GetConnectionData
[2024-02-13 16:31:17Z INFO Terminal] WRITE LINE: 
[2024-02-13 16:31:17Z INFO ConfigurationManager] Test Connection complete.
[2024-02-13 16:31:17Z INFO HostContext] Well known directory 'Bin': '/Users/kellymccarthy/Desktop/learn-vault-github-actions/vault-github-action/actions-runner/bin'
[2024-02-13 16:31:17Z INFO HostContext] Well known directory 'Root': '/Users/kellymccarthy/Desktop/learn-vault-github-actions/vault-github-action/actions-runner'
[2024-02-13 16:31:17Z INFO HostContext] Well known config file 'RSACredentials': '/Users/kellymccarthy/Desktop/learn-vault-github-actions/vault-github-action/actions-runner/.credentials_rsaparams'
[2024-02-13 16:31:17Z INFO RSAFileKeyManager] Creating new RSA key using 2048-bit key length
[2024-02-13 16:31:17Z INFO RSAFileKeyManager] Successfully saved RSA key parameters to file /Users/kellymccarthy/Desktop/learn-vault-github-actions/vault-github-action/actions-runner/.credentials_rsaparams
[2024-02-13 16:31:17Z INFO RSAFileKeyManager] Which: 'chmod'
[2024-02-13 16:31:17Z INFO RSAFileKeyManager] Location: '/bin/chmod'
[2024-02-13 16:31:17Z INFO HostContext] Well known directory 'Bin': '/Users/kellymccarthy/Desktop/learn-vault-github-actions/vault-github-action/actions-runner/bin'
[2024-02-13 16:31:17Z INFO HostContext] Well known directory 'Root': '/Users/kellymccarthy/Desktop/learn-vault-github-actions/vault-github-action/actions-runner'
[2024-02-13 16:31:17Z INFO ProcessInvokerWrapper] Starting process:
[2024-02-13 16:31:17Z INFO ProcessInvokerWrapper]   File name: '/bin/chmod'
[2024-02-13 16:31:17Z INFO ProcessInvokerWrapper]   Arguments: '600 /Users/kellymccarthy/Desktop/learn-vault-github-actions/vault-github-action/actions-runner/.credentials_rsaparams'
[2024-02-13 16:31:17Z INFO ProcessInvokerWrapper]   Working directory: '/Users/kellymccarthy/Desktop/learn-vault-github-actions/vault-github-action/actions-runner'
[2024-02-13 16:31:17Z INFO ProcessInvokerWrapper]   Require exit code zero: 'False'
[2024-02-13 16:31:17Z INFO ProcessInvokerWrapper]   Encoding web name:  ; code page: ''
[2024-02-13 16:31:17Z INFO ProcessInvokerWrapper]   Force kill process on cancellation: 'False'
[2024-02-13 16:31:17Z INFO ProcessInvokerWrapper]   Redirected STDIN: 'False'
[2024-02-13 16:31:17Z INFO ProcessInvokerWrapper]   Persist current code page: 'False'
[2024-02-13 16:31:17Z INFO ProcessInvokerWrapper]   Keep redirected STDIN open: 'False'
[2024-02-13 16:31:17Z INFO ProcessInvokerWrapper]   High priority process: 'False'
[2024-02-13 16:31:17Z INFO ProcessInvokerWrapper] Process started with process id 68817, waiting for process exit.
[2024-02-13 16:31:17Z INFO ProcessInvokerWrapper] STDOUT/STDERR stream read finished.
[2024-02-13 16:31:17Z INFO ProcessInvokerWrapper] STDOUT/STDERR stream read finished.
[2024-02-13 16:31:17Z INFO ProcessInvokerWrapper] Finished process 68817 with exit code 0, and elapsed time 00:00:00.1272102.
[2024-02-13 16:31:17Z INFO RSAFileKeyManager] Successfully set permissions for RSA key parameters file /Users/kellymccarthy/Desktop/learn-vault-github-actions/vault-github-action/actions-runner/.credentials_rsaparams
[2024-02-13 16:31:17Z INFO CommandSettings] Arg 'runnergroup': ''
[2024-02-13 16:31:17Z INFO CommandSettings] Flag 'unattended': 'False'
[2024-02-13 16:31:17Z INFO PromptManager] ReadValue
[2024-02-13 16:31:17Z INFO Terminal] WRITE: Enter the name of the runner group to add this runner to: 
[2024-02-13 16:31:17Z INFO Terminal] WRITE: [press Enter for Default] 
[2024-02-13 16:31:17Z INFO Terminal] READ LINE
[2024-02-13 16:31:25Z INFO Terminal] Read value: ''
[2024-02-13 16:31:25Z INFO PromptManager] Falling back to the default: 'Default'
[2024-02-13 16:31:25Z INFO Terminal] WRITE LINE: 
[2024-02-13 16:31:25Z INFO ConfigurationManager] Found a self-hosted runner group with id 1 and name Default
[2024-02-13 16:31:25Z INFO CommandSettings] Flag 'disableupdate': 'False'
[2024-02-13 16:31:25Z INFO CommandSettings] Flag 'ephemeral': 'False'
[2024-02-13 16:31:25Z INFO CommandSettings] Arg 'name': ''
[2024-02-13 16:31:25Z INFO CommandSettings] Flag 'unattended': 'False'
[2024-02-13 16:31:25Z INFO PromptManager] ReadValue
[2024-02-13 16:31:25Z INFO Terminal] WRITE: Enter the name of runner: 
[2024-02-13 16:31:25Z INFO Terminal] WRITE: [press Enter for kellymccarthy-XXLWDC9HJ7] 
[2024-02-13 16:31:25Z INFO Terminal] READ LINE
[2024-02-13 16:31:29Z INFO Terminal] Read value: ''
[2024-02-13 16:31:29Z INFO PromptManager] Falling back to the default: 'kellymccarthy-XXLWDC9HJ7'
[2024-02-13 16:31:29Z INFO Terminal] WRITE LINE: 
[2024-02-13 16:31:29Z INFO CommandSettings] Arg 'labels': ''
[2024-02-13 16:31:29Z INFO CommandSettings] Flag 'unattended': 'False'
[2024-02-13 16:31:29Z INFO PromptManager] ReadValue
[2024-02-13 16:31:29Z INFO Terminal] WRITE: This runner will have the following labels: 'self-hosted', 'macOS', 'X64' 
Enter any additional labels (ex. label-1,label-2): 
[2024-02-13 16:31:29Z INFO Terminal] WRITE: [press Enter to skip] 
[2024-02-13 16:31:29Z INFO Terminal] READ LINE
[2024-02-13 16:31:33Z INFO Terminal] Read value: ''
[2024-02-13 16:31:33Z INFO Terminal] WRITE LINE: 
[2024-02-13 16:31:33Z INFO CommandSettings] Flag 'disableupdate': 'False'
[2024-02-13 16:31:33Z INFO CommandSettings] Flag 'no-default-labels': 'False'
[2024-02-13 16:31:34Z INFO CommandSettings] Flag 'disableupdate': 'False'
[2024-02-13 16:31:34Z INFO CommandSettings] Flag 'ephemeral': 'False'
[2024-02-13 16:31:34Z INFO ConfigurationStore] Saving OAuth credential @ /Users/kellymccarthy/Desktop/learn-vault-github-actions/vault-github-action/actions-runner/.credentials
[2024-02-13 16:31:34Z INFO ConfigurationStore] Credentials Saved.
[2024-02-13 16:31:34Z INFO ConfigurationStore] HasCredentials()
[2024-02-13 16:31:34Z INFO ConfigurationStore] stored True
[2024-02-13 16:31:34Z INFO CredentialManager] GetCredentialProvider
[2024-02-13 16:31:34Z INFO CredentialManager] Creating type OAuth
[2024-02-13 16:31:34Z INFO CredentialManager] Creating credential type: OAuth
[2024-02-13 16:31:34Z INFO RSAFileKeyManager] Loading RSA key parameters from file /Users/kellymccarthy/Desktop/learn-vault-github-actions/vault-github-action/actions-runner/.credentials_rsaparams
[2024-02-13 16:31:34Z INFO RunnerServer] EstablishVssConnection
[2024-02-13 16:31:34Z INFO RunnerServer] Establish connection with 100 seconds timeout.
[2024-02-13 16:31:34Z INFO GitHubActionsService] Starting operation Location.GetConnectionData
[2024-02-13 16:31:34Z INFO RunnerServer] EstablishVssConnection
[2024-02-13 16:31:34Z INFO RunnerServer] Establish connection with 60 seconds timeout.
[2024-02-13 16:31:34Z INFO GitHubActionsService] Starting operation Location.GetConnectionData
[2024-02-13 16:31:34Z INFO RunnerServer] EstablishVssConnection
[2024-02-13 16:31:34Z INFO RunnerServer] Establish connection with 60 seconds timeout.
[2024-02-13 16:31:34Z INFO GitHubActionsService] Starting operation Location.GetConnectionData
[2024-02-13 16:31:34Z INFO GitHubActionsService] Finished operation Location.GetConnectionData
[2024-02-13 16:31:34Z INFO GitHubActionsService] Finished operation Location.GetConnectionData
[2024-02-13 16:31:34Z INFO GitHubActionsService] Finished operation Location.GetConnectionData
[2024-02-13 16:31:34Z INFO RSAFileKeyManager] Loading RSA key parameters from file /Users/kellymccarthy/Desktop/learn-vault-github-actions/vault-github-action/actions-runner/.credentials_rsaparams
[2024-02-13 16:31:34Z INFO RSAFileKeyManager] Loading RSA key parameters from file /Users/kellymccarthy/Desktop/learn-vault-github-actions/vault-github-action/actions-runner/.credentials_rsaparams
[2024-02-13 16:31:35Z INFO GitHubActionsService] AAD Correlation ID for this token request: Unknown
[2024-02-13 16:31:35Z INFO CommandSettings] Arg 'work': ''
[2024-02-13 16:31:35Z INFO CommandSettings] Flag 'unattended': 'False'
[2024-02-13 16:31:35Z INFO PromptManager] ReadValue
[2024-02-13 16:31:35Z INFO Terminal] WRITE: Enter name of work folder: 
[2024-02-13 16:31:35Z INFO Terminal] WRITE: [press Enter for _work] 
[2024-02-13 16:31:35Z INFO Terminal] READ LINE
[2024-02-13 16:31:39Z INFO Terminal] Read value: ''
[2024-02-13 16:31:39Z INFO PromptManager] Falling back to the default: '_work'
[2024-02-13 16:31:39Z INFO ConfigurationStore] Saving runner settings.
[2024-02-13 16:31:39Z INFO ConfigurationStore] Settings Saved.
[2024-02-13 16:31:39Z INFO Terminal] WRITE LINE: 
[2024-02-13 16:31:39Z INFO Terminal] WRITE LINE: 
[2024-02-13 16:31:39Z INFO OsxServiceControlManager] Service name 'actions.runner.kmccarthyhashi-vault-action-exampleapp.kellymccarthy-XXLWDC9HJ7' display name 'GitHub Actions Runner (kmccarthyhashi-vault-action-exampleapp.kellymccarthy-XXLWDC9HJ7)' will be used for service configuration.
[2024-02-13 16:31:39Z INFO HostContext] Well known directory 'Bin': '/Users/kellymccarthy/Desktop/learn-vault-github-actions/vault-github-action/actions-runner/bin'
[2024-02-13 16:31:39Z INFO HostContext] Well known directory 'Root': '/Users/kellymccarthy/Desktop/learn-vault-github-actions/vault-github-action/actions-runner'
[2024-02-13 16:31:39Z INFO HostContext] Well known directory 'Bin': '/Users/kellymccarthy/Desktop/learn-vault-github-actions/vault-github-action/actions-runner/bin'
[2024-02-13 16:31:39Z INFO HostContext] Well known directory 'Bin': '/Users/kellymccarthy/Desktop/learn-vault-github-actions/vault-github-action/actions-runner/bin'
[2024-02-13 16:31:39Z INFO HostContext] Well known directory 'Root': '/Users/kellymccarthy/Desktop/learn-vault-github-actions/vault-github-action/actions-runner'
[2024-02-13 16:31:39Z INFO UnixUtil] Which: 'chmod'
[2024-02-13 16:31:39Z INFO UnixUtil] Location: '/bin/chmod'
[2024-02-13 16:31:39Z INFO UnixUtil] Running /bin/chmod 755 "/Users/kellymccarthy/Desktop/learn-vault-github-actions/vault-github-action/actions-runner/svc.sh"
[2024-02-13 16:31:39Z INFO ProcessInvokerWrapper] Starting process:
[2024-02-13 16:31:39Z INFO ProcessInvokerWrapper]   File name: '/bin/chmod'
[2024-02-13 16:31:39Z INFO ProcessInvokerWrapper]   Arguments: '755 "/Users/kellymccarthy/Desktop/learn-vault-github-actions/vault-github-action/actions-runner/svc.sh"'
[2024-02-13 16:31:39Z INFO ProcessInvokerWrapper]   Working directory: '/Users/kellymccarthy/Desktop/learn-vault-github-actions/vault-github-action/actions-runner'
[2024-02-13 16:31:39Z INFO ProcessInvokerWrapper]   Require exit code zero: 'True'
[2024-02-13 16:31:39Z INFO ProcessInvokerWrapper]   Encoding web name:  ; code page: ''
[2024-02-13 16:31:39Z INFO ProcessInvokerWrapper]   Force kill process on cancellation: 'False'
[2024-02-13 16:31:39Z INFO ProcessInvokerWrapper]   Redirected STDIN: 'False'
[2024-02-13 16:31:39Z INFO ProcessInvokerWrapper]   Persist current code page: 'False'
[2024-02-13 16:31:39Z INFO ProcessInvokerWrapper]   Keep redirected STDIN open: 'False'
[2024-02-13 16:31:39Z INFO ProcessInvokerWrapper]   High priority process: 'False'
[2024-02-13 16:31:39Z INFO ProcessInvokerWrapper] Process started with process id 68844, waiting for process exit.
[2024-02-13 16:31:39Z INFO ProcessInvokerWrapper] STDOUT/STDERR stream read finished.
[2024-02-13 16:31:39Z INFO ProcessInvokerWrapper] STDOUT/STDERR stream read finished.
[2024-02-13 16:31:39Z INFO ProcessInvokerWrapper] Finished process 68844 with exit code 0, and elapsed time 00:00:00.0308810.
[2024-02-13 16:31:39Z INFO Listener] Runner execution has finished with return code 0
